{"name": "test_post_request_create", "status": "failed", "statusDetails": {"message": "AssertionError: assert 401 == 201\n +  where 401 = <Response [401]>.status_code", "trace": "self = <test_cases.test_PostRequest.TestPostRequest object at 0x000001FA3FC71E50>\n\n    def test_post_request_create(self):\n     log = self.get_the_logs()\n     log.info(\"Starting test_post_request_create\")\n     file = open(post_request_data)\n     json_input = file.read()\n     request_json = json.loads(json_input)\n    \n    #post request with json input body\n     response = requests.post(Post_URL,request_json)\n    \n    #validating response code\n>    assert response.status_code ==201\nE    assert 401 == 201\nE     +  where 401 = <Response [401]>.status_code\n\ntest_cases\\test_PostRequest.py:21: AssertionError"}, "attachments": [{"name": "log", "source": "0362647d-0071-4bde-be32-e21f274ead7c-attachment.txt", "type": "text/plain"}], "start": 1747331653975, "stop": 1747331654360, "uuid": "8a8f0ed3-0db3-4f4a-88e7-8d28f643995a", "historyId": "8cb02fbf35de2e09b75f80dc183bf1dd", "testCaseId": "8cb02fbf35de2e09b75f80dc183bf1dd", "fullName": "test_cases.test_PostRequest.TestPostRequest#test_post_request_create", "labels": [{"name": "parentSuite", "value": "test_cases"}, {"name": "suite", "value": "test_PostRequest"}, {"name": "subSuite", "value": "TestPostRequest"}, {"name": "host", "value": "DESKTOP-FR5AEQ7"}, {"name": "thread", "value": "17236-MainThread"}, {"name": "framework", "value": "pytest"}, {"name": "language", "value": "cpython3"}, {"name": "package", "value": "test_cases.test_PostRequest"}]}