{"name": "test_patch_request_update", "status": "failed", "statusDetails": {"message": "AssertionError: assert 401 == 200\n +  where 401 = <Response [401]>.status_code", "trace": "self = <test_cases.test_PatchRequest.TestPatchRequest object at 0x000002161CB918E0>\n\n    def test_patch_request_update(self):\n     log = self.get_the_logs()\n     log.info(\"Starting test_Patch_request\")\n     file = open(patch_request_data1)\n     json_input = file.read()\n     request_json = json.loads(json_input)\n    \n    #patch request with json input body\n     response = requests.patch(Patch_URL1,request_json)\n    \n    #validating response code\n>    assert response.status_code ==200\nE    assert 401 == 200\nE     +  where 401 = <Response [401]>.status_code\n\ntest_cases\\test_PatchRequest.py:21: AssertionError"}, "attachments": [{"name": "log", "source": "dd103807-7f8b-4c88-98a7-c1974dfef11b-attachment.txt", "type": "text/plain"}], "start": 1747335020693, "stop": 1747335021078, "uuid": "75b1e315-eacd-4884-ab91-2c39a210d476", "historyId": "852b9d94c5231efd64cad2d1c2569837", "testCaseId": "852b9d94c5231efd64cad2d1c2569837", "fullName": "test_cases.test_PatchRequest.TestPatchRequest#test_patch_request_update", "labels": [{"name": "parentSuite", "value": "test_cases"}, {"name": "suite", "value": "test_PatchRequest"}, {"name": "subSuite", "value": "TestPatchRequest"}, {"name": "host", "value": "DESKTOP-FR5AEQ7"}, {"name": "thread", "value": "20176-MainThread"}, {"name": "framework", "value": "pytest"}, {"name": "language", "value": "cpython3"}, {"name": "package", "value": "test_cases.test_PatchRequest"}]}