{"name": "test_patch_request_update", "status": "failed", "statusDetails": {"message": "AssertionError: assert 401 == 200\n +  where 401 = <Response [401]>.status_code", "trace": "self = <test_cases.test_PatchRequest.TestPatchRequest object at 0x000001A098A21850>\n\n    def test_patch_request_update(self):\n     log = self.get_the_logs()\n     log.info(\"Starting test_Patch_request\")\n     file = open(patch_request_data1)\n     json_input = file.read()\n     request_json = json.loads(json_input)\n    \n    #patch request with json input body\n     response = requests.patch(Patch_URL1,request_json)\n    \n    #validating response code\n>    assert response.status_code ==200\nE    assert 401 == 200\nE     +  where 401 = <Response [401]>.status_code\n\ntest_cases\\test_PatchRequest.py:21: AssertionError"}, "attachments": [{"name": "log", "source": "ecc80f99-4467-4ccc-a2e2-f0815e1a5dda-attachment.txt", "type": "text/plain"}], "start": 1747374945880, "stop": 1747374946289, "uuid": "525b37c7-9993-4865-b2d7-5d1ed4fd9fd3", "historyId": "852b9d94c5231efd64cad2d1c2569837", "testCaseId": "852b9d94c5231efd64cad2d1c2569837", "fullName": "test_cases.test_PatchRequest.TestPatchRequest#test_patch_request_update", "labels": [{"name": "parentSuite", "value": "test_cases"}, {"name": "suite", "value": "test_PatchRequest"}, {"name": "subSuite", "value": "TestPatchRequest"}, {"name": "host", "value": "DESKTOP-FR5AEQ7"}, {"name": "thread", "value": "21868-MainThread"}, {"name": "framework", "value": "pytest"}, {"name": "language", "value": "cpython3"}, {"name": "package", "value": "test_cases.test_PatchRequest"}]}